0 info it worked if it ends with ok
1 verbose cli [ 'D:\\InstallProgramme\\nodejs\\node.exe',
1 verbose cli   'D:\\InstallProgramme\\nodejs\\node_modules\\npm\\bin\\npm-cli.js',
1 verbose cli   'start' ]
2 info using npm@3.10.10
3 info using node@v6.10.1
4 verbose run-script [ 'prestart', 'start', 'poststart' ]
5 info lifecycle 21.daowei@0.0.0~prestart: 21.daowei@0.0.0
6 silly lifecycle 21.daowei@0.0.0~prestart: no script for prestart, continuing
7 info lifecycle 21.daowei@0.0.0~start: 21.daowei@0.0.0
8 verbose lifecycle 21.daowei@0.0.0~start: unsafe-perm in lifecycle true
9 verbose lifecycle 21.daowei@0.0.0~start: PATH: D:\InstallProgramme\nodejs\node_modules\npm\bin\node-gyp-bin;D:\Workspace\web\Project\21.daowei\node_modules\.bin;C:\ProgramData\Oracle\Java\javapath;D:\Programme\mysql-5.7.13-winx64\bin;C:\Windows\system32;C:\Windows;C:\Windows\System32\Wbem;C:\Windows\System32\WindowsPowerShell\v1.0\;C:\Program Files (x86)\NVIDIA Corporation\PhysX\Common;D:\InstallProgramme\VisualSVN Server\bin;D:\InstallProgramme\TortoiseSVN\bin;D:\InstallProgramme\Git\cmd;D:\InstallProgramme\TortoiseGit\bin;D:\cordova-package\jdk1.8-64\bin;D:\cordova-package\android-sdk\platform-tools;D:\cordova-package\android-sdk\tools;D:\cordova-package\android-sdk\ndk-bundle;D:\InstallProgramme\nodejs\;D:\npm\;D:\InstallProgramme\mongodb\bin;C:\Users\Tfx\AppData\Local\Programs\Python\Python35\Scripts\;C:\Users\Tfx\AppData\Local\Programs\Python\Python35\;C:\Users\Tfx\AppData\Roaming\npm
10 verbose lifecycle 21.daowei@0.0.0~start: CWD: D:\Workspace\web\Project\21.daowei
11 silly lifecycle 21.daowei@0.0.0~start: Args: [ '/d /s /c', 'node ./bin/www' ]
12 silly lifecycle 21.daowei@0.0.0~start: Returned: code: 1  signal: null
13 info lifecycle 21.daowei@0.0.0~start: Failed to exec start script
14 verbose stack Error: 21.daowei@0.0.0 start: `node ./bin/www`
14 verbose stack Exit status 1
14 verbose stack     at EventEmitter.<anonymous> (D:\InstallProgramme\nodejs\node_modules\npm\lib\utils\lifecycle.js:255:16)
14 verbose stack     at emitTwo (events.js:106:13)
14 verbose stack     at EventEmitter.emit (events.js:191:7)
14 verbose stack     at ChildProcess.<anonymous> (D:\InstallProgramme\nodejs\node_modules\npm\lib\utils\spawn.js:40:14)
14 verbose stack     at emitTwo (events.js:106:13)
14 verbose stack     at ChildProcess.emit (events.js:191:7)
14 verbose stack     at maybeClose (internal/child_process.js:886:16)
14 verbose stack     at Process.ChildProcess._handle.onexit (internal/child_process.js:226:5)
15 verbose pkgid 21.daowei@0.0.0
16 verbose cwd D:\Workspace\web\Project\21.daowei
17 error Windows_NT 10.0.10586
18 error argv "D:\\InstallProgramme\\nodejs\\node.exe" "D:\\InstallProgramme\\nodejs\\node_modules\\npm\\bin\\npm-cli.js" "start"
19 error node v6.10.1
20 error npm  v3.10.10
21 error code ELIFECYCLE
22 error 21.daowei@0.0.0 start: `node ./bin/www`
22 error Exit status 1
23 error Failed at the 21.daowei@0.0.0 start script 'node ./bin/www'.
23 error Make sure you have the latest version of node.js and npm installed.
23 error If you do, this is most likely a problem with the 21.daowei package,
23 error not with npm itself.
23 error Tell the author that this fails on your system:
23 error     node ./bin/www
23 error You can get information on how to open an issue for this project with:
23 error     npm bugs 21.daowei
23 error Or if that isn't available, you can get their info via:
23 error     npm owner ls 21.daowei
23 error There is likely additional logging output above.
24 verbose exit [ 1, true ]
